0 verbose cli C:\Program Files\nodejs\node.exe C:\Program Files\nodejs\node_modules\npm\bin\npm-cli.js
1 info using npm@10.9.2
2 info using node@v22.16.0
3 silly config load:file:C:\Program Files\nodejs\node_modules\npm\npmrc
4 silly config load:file:C:\Users\bianco\Documents\simplepcbuilderweb\.npmrc
5 silly config load:file:C:\SPB_Data\.npmrc
6 silly config load:file:C:\Users\bianco\AppData\Roaming\npm\etc\npmrc
7 verbose title npm exec playwright-cli open http://127.0.0.1:4173/index.html --headed
8 verbose argv "exec" "--yes" "--package" "@playwright/cli" "--" "playwright-cli" "open" "http://127.0.0.1:4173/index.html" "--headed"
9 verbose logfile logs-max:10 dir:C:\Users\bianco\Documents\simplepcbuilderweb\.npm-cache\_logs\2026-03-09T00_03_22_410Z-
10 verbose logfile C:\Users\bianco\Documents\simplepcbuilderweb\.npm-cache\_logs\2026-03-09T00_03_22_410Z-debug-0.log
11 silly logfile done cleaning log files
12 silly packumentCache heap:4345298944 maxSize:1086324736 maxEntrySize:543162368
13 http fetch GET 200 https://registry.npmjs.org/@playwright%2fcli 158ms (cache revalidated)
14 silly packumentCache heap:4345298944 maxSize:1086324736 maxEntrySize:543162368
15 verbose cwd C:\Users\bianco\Documents\simplepcbuilderweb
16 verbose os Windows_NT 10.0.22631
17 verbose node v22.16.0
18 verbose npm  v10.9.2
19 verbose exit 0
20 info ok
